[2026-02-06 04:00:01] 开始执行自动化扫描...
[2026-02-06 04:00:01] 运行套利扫描...
[2026-02-06 04:00:01] 开始执行自动化扫描...
[2026-02-06 04:00:01] 运行套利扫描...
🚀 Polymarket 高级套利扫描器
======================================================================
启动时间: 2026-02-06 04:00:02
策略: 寻找'不可能事件'中的定价错误
======================================================================

🔍 正在扫描 Polymarket 所有市场...
   已获取 500 个市场...
✅ 共获取 500 个活跃市场

🎯 正在分析 500 个市场寻找套利机会...
   已分析 0/500 个市场...
   已分析 100/500 个市场...
   已分析 200/500 个市场...
   已分析 300/500 个市场...
   已分析 400/500 个市场...

======================================================================
📊 扫描结果
======================================================================
发现 0 个潜在套利机会

未发现明显套利机会

💾 结果已保存:
   JSON: arbitrage_opportunities_20260206_040003.json
   报告: arbitrage_report_20260206_040003.md

======================================================================
✅ 扫描完成！
下次扫描建议: 2026-02-06 04:00:03
======================================================================
[2026-02-06 04:00:01] 运行市场监控...
🚀 Polymarket 高级套利扫描器
======================================================================
启动时间: 2026-02-06 04:00:02
策略: 寻找'不可能事件'中的定价错误
======================================================================

🔍 正在扫描 Polymarket 所有市场...
   已获取 500 个市场...
✅ 共获取 500 个活跃市场

🎯 正在分析 500 个市场寻找套利机会...
   已分析 0/500 个市场...
   已分析 100/500 个市场...
   已分析 200/500 个市场...
   已分析 300/500 个市场...
   已分析 400/500 个市场...

======================================================================
📊 扫描结果
======================================================================
发现 0 个潜在套利机会

未发现明显套利机会

💾 结果已保存:
   JSON: arbitrage_opportunities_20260206_040003.json
   报告: arbitrage_report_20260206_040003.md

======================================================================
✅ 扫描完成！
下次扫描建议: 2026-02-06 04:00:03
======================================================================
[2026-02-06 04:00:01] 运行市场监控...
📊 Polymarket 实时市场监控
======================================================================
启动时间: 2026-02-06 04:00:03
======================================================================

🔥 正在获取热门市场...
✅ 获取到 20 个热门市场

👀 正在监控关注列表...
   Will Trump: 10 个相关市场
   Bitcoin: 1 个相关市场
   Ethereum: 0 个相关市场
   NBA: 0 个相关市场
   NFL: 10 个相关市场
   Election: 0 个相关市场

💾 数据快照已保存: market_snapshot_20260206_040004.json
📝 监控报告已生成: market_monitor_report_20260206_040004.md

======================================================================
📈 监控摘要
======================================================================
热门市场数: 20
关注关键词: 6
数据文件: market_snapshot_20260206_040004.json
报告文件: market_monitor_report_20260206_040004.md
======================================================================
[2026-02-06 04:00:01] 整理报告...
[2026-02-06 04:00:01] 扫描完成！
---
📊 Polymarket 实时市场监控
======================================================================
启动时间: 2026-02-06 04:00:03
======================================================================

🔥 正在获取热门市场...
✅ 获取到 20 个热门市场

👀 正在监控关注列表...
   Will Trump: 10 个相关市场
   Bitcoin: 1 个相关市场
   Ethereum: 0 个相关市场
   NBA: 0 个相关市场
   NFL: 10 个相关市场
   Election: 0 个相关市场

💾 数据快照已保存: market_snapshot_20260206_040004.json
📝 监控报告已生成: market_monitor_report_20260206_040004.md

======================================================================
📈 监控摘要
======================================================================
热门市场数: 20
关注关键词: 6
数据文件: market_snapshot_20260206_040004.json
报告文件: market_monitor_report_20260206_040004.md
======================================================================
[2026-02-06 04:00:01] 整理报告...
[2026-02-06 04:00:01] 扫描完成！
---
[2026-02-06 05:00:01] 开始执行自动化扫描...
[2026-02-06 05:00:01] 运行套利扫描...
🚀 Polymarket 高级套利扫描器
======================================================================
启动时间: 2026-02-06 05:00:01
策略: 寻找'不可能事件'中的定价错误
======================================================================

🔍 正在扫描 Polymarket 所有市场...
   已获取 500 个市场...
✅ 共获取 500 个活跃市场

🎯 正在分析 500 个市场寻找套利机会...
   已分析 0/500 个市场...
   已分析 100/500 个市场...
   已分析 200/500 个市场...
   已分析 300/500 个市场...
   已分析 400/500 个市场...

======================================================================
📊 扫描结果
======================================================================
发现 0 个潜在套利机会

未发现明显套利机会

💾 结果已保存:
   JSON: arbitrage_opportunities_20260206_050003.json
   报告: arbitrage_report_20260206_050003.md

======================================================================
✅ 扫描完成！
下次扫描建议: 2026-02-06 05:00:03
======================================================================
[2026-02-06 05:00:01] 运行市场监控...
📊 Polymarket 实时市场监控
======================================================================
启动时间: 2026-02-06 05:00:03
======================================================================

🔥 正在获取热门市场...
✅ 获取到 20 个热门市场

👀 正在监控关注列表...
   Will Trump: 10 个相关市场
   Bitcoin: 1 个相关市场
   Ethereum: 0 个相关市场
   NBA: 0 个相关市场
   NFL: 10 个相关市场
   Election: 0 个相关市场

💾 数据快照已保存: market_snapshot_20260206_050004.json
📝 监控报告已生成: market_monitor_report_20260206_050004.md

======================================================================
📈 监控摘要
======================================================================
热门市场数: 20
关注关键词: 6
数据文件: market_snapshot_20260206_050004.json
报告文件: market_monitor_report_20260206_050004.md
======================================================================
[2026-02-06 05:00:01] 整理报告...
[2026-02-06 05:00:01] 扫描完成！
---
[2026-02-06 06:00:01] 开始执行自动化扫描...
[2026-02-06 06:00:01] 运行套利扫描...
[2026-02-06 06:00:01] 开始执行自动化扫描...
[2026-02-06 06:00:01] 运行套利扫描...
🚀 Polymarket 高级套利扫描器
======================================================================
启动时间: 2026-02-06 06:00:01
策略: 寻找'不可能事件'中的定价错误
======================================================================

🔍 正在扫描 Polymarket 所有市场...
   已获取 500 个市场...
✅ 共获取 500 个活跃市场

🎯 正在分析 500 个市场寻找套利机会...
   已分析 0/500 个市场...
   已分析 100/500 个市场...
   已分析 200/500 个市场...
   已分析 300/500 个市场...
   已分析 400/500 个市场...

======================================================================
📊 扫描结果
======================================================================
发现 0 个潜在套利机会

未发现明显套利机会

💾 结果已保存:
   JSON: arbitrage_opportunities_20260206_060002.json
   报告: arbitrage_report_20260206_060002.md

======================================================================
✅ 扫描完成！
下次扫描建议: 2026-02-06 06:00:02
======================================================================
[2026-02-06 06:00:01] 运行市场监控...
🚀 Polymarket 高级套利扫描器
======================================================================
启动时间: 2026-02-06 06:00:01
策略: 寻找'不可能事件'中的定价错误
======================================================================

🔍 正在扫描 Polymarket 所有市场...
   已获取 500 个市场...
✅ 共获取 500 个活跃市场

🎯 正在分析 500 个市场寻找套利机会...
   已分析 0/500 个市场...
   已分析 100/500 个市场...
   已分析 200/500 个市场...
   已分析 300/500 个市场...
   已分析 400/500 个市场...

======================================================================
📊 扫描结果
======================================================================
发现 0 个潜在套利机会

未发现明显套利机会

💾 结果已保存:
   JSON: arbitrage_opportunities_20260206_060002.json
   报告: arbitrage_report_20260206_060002.md

======================================================================
✅ 扫描完成！
下次扫描建议: 2026-02-06 06:00:02
======================================================================
[2026-02-06 06:00:01] 运行市场监控...
📊 Polymarket 实时市场监控
======================================================================
启动时间: 2026-02-06 06:00:02
======================================================================

🔥 正在获取热门市场...
✅ 获取到 20 个热门市场

👀 正在监控关注列表...
   Will Trump: 10 个相关市场
   Bitcoin: 1 个相关市场
   Ethereum: 0 个相关市场
   NBA: 0 个相关市场
   NFL: 10 个相关市场
   Election: 0 个相关市场

💾 数据快照已保存: market_snapshot_20260206_060003.json
📝 监控报告已生成: market_monitor_report_20260206_060003.md

======================================================================
📈 监控摘要
======================================================================
热门市场数: 20
关注关键词: 6
数据文件: market_snapshot_20260206_060003.json
报告文件: market_monitor_report_20260206_060003.md
======================================================================
[2026-02-06 06:00:01] 整理报告...
[2026-02-06 06:00:01] 扫描完成！
---
📊 Polymarket 实时市场监控
======================================================================
启动时间: 2026-02-06 06:00:02
======================================================================

🔥 正在获取热门市场...
✅ 获取到 20 个热门市场

👀 正在监控关注列表...
   Will Trump: 10 个相关市场
   Bitcoin: 1 个相关市场
   Ethereum: 0 个相关市场
   NBA: 0 个相关市场
   NFL: 10 个相关市场
   Election: 0 个相关市场

💾 数据快照已保存: market_snapshot_20260206_060003.json
📝 监控报告已生成: market_monitor_report_20260206_060003.md

======================================================================
📈 监控摘要
======================================================================
热门市场数: 20
关注关键词: 6
数据文件: market_snapshot_20260206_060003.json
报告文件: market_monitor_report_20260206_060003.md
======================================================================
[2026-02-06 06:00:01] 整理报告...
[2026-02-06 06:00:01] 扫描完成！
---
[2026-02-06 07:00:01] 开始执行自动化扫描...
[2026-02-06 07:00:01] 运行套利扫描...
🚀 Polymarket 高级套利扫描器
======================================================================
启动时间: 2026-02-06 07:00:02
策略: 寻找'不可能事件'中的定价错误
======================================================================

🔍 正在扫描 Polymarket 所有市场...
   已获取 500 个市场...
✅ 共获取 500 个活跃市场

🎯 正在分析 500 个市场寻找套利机会...
   已分析 0/500 个市场...
   已分析 100/500 个市场...
   已分析 200/500 个市场...
   已分析 300/500 个市场...
   已分析 400/500 个市场...

======================================================================
📊 扫描结果
======================================================================
发现 0 个潜在套利机会

未发现明显套利机会

💾 结果已保存:
   JSON: arbitrage_opportunities_20260206_070002.json
   报告: arbitrage_report_20260206_070002.md

======================================================================
✅ 扫描完成！
下次扫描建议: 2026-02-06 07:00:02
======================================================================
[2026-02-06 07:00:01] 运行市场监控...
📊 Polymarket 实时市场监控
======================================================================
启动时间: 2026-02-06 07:00:03
======================================================================

🔥 正在获取热门市场...
✅ 获取到 20 个热门市场

👀 正在监控关注列表...
   Will Trump: 10 个相关市场
   Bitcoin: 1 个相关市场
   Ethereum: 0 个相关市场
   NBA: 0 个相关市场
   NFL: 10 个相关市场
   Election: 0 个相关市场

💾 数据快照已保存: market_snapshot_20260206_070004.json
📝 监控报告已生成: market_monitor_report_20260206_070004.md

======================================================================
📈 监控摘要
======================================================================
热门市场数: 20
关注关键词: 6
数据文件: market_snapshot_20260206_070004.json
报告文件: market_monitor_report_20260206_070004.md
======================================================================
[2026-02-06 07:00:01] 整理报告...
[2026-02-06 07:00:01] 扫描完成！
---
[2026-02-06 08:00:01] 开始执行自动化扫描...
[2026-02-06 08:00:01] 运行套利扫描...
[2026-02-06 08:00:01] 开始执行自动化扫描...
[2026-02-06 08:00:01] 运行套利扫描...
🚀 Polymarket 高级套利扫描器
======================================================================
启动时间: 2026-02-06 08:00:01
策略: 寻找'不可能事件'中的定价错误
======================================================================

🔍 正在扫描 Polymarket 所有市场...
   已获取 500 个市场...
✅ 共获取 500 个活跃市场

🎯 正在分析 500 个市场寻找套利机会...
   已分析 0/500 个市场...
   已分析 100/500 个市场...
   已分析 200/500 个市场...
   已分析 300/500 个市场...
   已分析 400/500 个市场...

======================================================================
📊 扫描结果
======================================================================
发现 0 个潜在套利机会

未发现明显套利机会

💾 结果已保存:
   JSON: arbitrage_opportunities_20260206_080002.json
   报告: arbitrage_report_20260206_080002.md

======================================================================
✅ 扫描完成！
下次扫描建议: 2026-02-06 08:00:02
======================================================================
[2026-02-06 08:00:01] 运行市场监控...
🚀 Polymarket 高级套利扫描器
======================================================================
启动时间: 2026-02-06 08:00:01
策略: 寻找'不可能事件'中的定价错误
======================================================================

🔍 正在扫描 Polymarket 所有市场...
   已获取 500 个市场...
✅ 共获取 500 个活跃市场

🎯 正在分析 500 个市场寻找套利机会...
   已分析 0/500 个市场...
   已分析 100/500 个市场...
   已分析 200/500 个市场...
   已分析 300/500 个市场...
   已分析 400/500 个市场...

======================================================================
📊 扫描结果
======================================================================
发现 0 个潜在套利机会

未发现明显套利机会

💾 结果已保存:
   JSON: arbitrage_opportunities_20260206_080002.json
   报告: arbitrage_report_20260206_080002.md

======================================================================
✅ 扫描完成！
下次扫描建议: 2026-02-06 08:00:02
======================================================================
[2026-02-06 08:00:01] 运行市场监控...
📊 Polymarket 实时市场监控
======================================================================
启动时间: 2026-02-06 08:00:02
======================================================================

🔥 正在获取热门市场...
✅ 获取到 20 个热门市场

👀 正在监控关注列表...
   Will Trump: 10 个相关市场
   Bitcoin: 1 个相关市场
   Ethereum: 0 个相关市场
   NBA: 0 个相关市场
   NFL: 10 个相关市场
   Election: 0 个相关市场

💾 数据快照已保存: market_snapshot_20260206_080003.json
📝 监控报告已生成: market_monitor_report_20260206_080003.md

======================================================================
📈 监控摘要
======================================================================
热门市场数: 20
关注关键词: 6
数据文件: market_snapshot_20260206_080003.json
报告文件: market_monitor_report_20260206_080003.md
======================================================================
📊 Polymarket 实时市场监控
======================================================================
启动时间: 2026-02-06 08:00:02
======================================================================

🔥 正在获取热门市场...
✅ 获取到 20 个热门市场

👀 正在监控关注列表...
   Will Trump: 10 个相关市场
   Bitcoin: 1 个相关市场
   Ethereum: 0 个相关市场
   NBA: 0 个相关市场
   NFL: 10 个相关市场
   Election: 0 个相关市场

💾 数据快照已保存: market_snapshot_20260206_080003.json
📝 监控报告已生成: market_monitor_report_20260206_080003.md

======================================================================
📈 监控摘要
======================================================================
热门市场数: 20
关注关键词: 6
数据文件: market_snapshot_20260206_080003.json
报告文件: market_monitor_report_20260206_080003.md
======================================================================
[2026-02-06 08:00:01] 整理报告...
[2026-02-06 08:00:01] 扫描完成！
---
[2026-02-06 08:00:01] 整理报告...
[2026-02-06 08:00:01] 扫描完成！
---
[2026-02-06 09:00:01] 开始执行自动化扫描...
[2026-02-06 09:00:01] 运行套利扫描...
🚀 Polymarket 高级套利扫描器
======================================================================
启动时间: 2026-02-06 09:00:02
策略: 寻找'不可能事件'中的定价错误
======================================================================

🔍 正在扫描 Polymarket 所有市场...
   已获取 500 个市场...
✅ 共获取 500 个活跃市场

🎯 正在分析 500 个市场寻找套利机会...
   已分析 0/500 个市场...
   已分析 100/500 个市场...
   已分析 200/500 个市场...
   已分析 300/500 个市场...
   已分析 400/500 个市场...

======================================================================
📊 扫描结果
======================================================================
发现 0 个潜在套利机会

未发现明显套利机会

💾 结果已保存:
   JSON: arbitrage_opportunities_20260206_090002.json
   报告: arbitrage_report_20260206_090002.md

======================================================================
✅ 扫描完成！
下次扫描建议: 2026-02-06 09:00:02
======================================================================
[2026-02-06 09:00:01] 运行市场监控...
📊 Polymarket 实时市场监控
======================================================================
启动时间: 2026-02-06 09:00:03
======================================================================

🔥 正在获取热门市场...
✅ 获取到 20 个热门市场

👀 正在监控关注列表...
   Will Trump: 10 个相关市场
   Bitcoin: 1 个相关市场
   Ethereum: 0 个相关市场
   NBA: 0 个相关市场
   NFL: 10 个相关市场
   Election: 0 个相关市场

💾 数据快照已保存: market_snapshot_20260206_090004.json
📝 监控报告已生成: market_monitor_report_20260206_090004.md

======================================================================
📈 监控摘要
======================================================================
热门市场数: 20
关注关键词: 6
数据文件: market_snapshot_20260206_090004.json
报告文件: market_monitor_report_20260206_090004.md
======================================================================
[2026-02-06 09:00:01] 整理报告...
[2026-02-06 09:00:01] 扫描完成！
---
[2026-02-06 10:00:01] 开始执行自动化扫描...
[2026-02-06 10:00:01] 运行套利扫描...
[2026-02-06 10:00:01] 开始执行自动化扫描...
[2026-02-06 10:00:01] 运行套利扫描...
🚀 Polymarket 高级套利扫描器
======================================================================
启动时间: 2026-02-06 10:00:01
策略: 寻找'不可能事件'中的定价错误
======================================================================

🔍 正在扫描 Polymarket 所有市场...
   已获取 500 个市场...
✅ 共获取 500 个活跃市场

🎯 正在分析 500 个市场寻找套利机会...
   已分析 0/500 个市场...
   已分析 100/500 个市场...
   已分析 200/500 个市场...
   已分析 300/500 个市场...
   已分析 400/500 个市场...

======================================================================
📊 扫描结果
======================================================================
发现 0 个潜在套利机会

未发现明显套利机会

💾 结果已保存:
   JSON: arbitrage_opportunities_20260206_100002.json
   报告: arbitrage_report_20260206_100002.md

======================================================================
✅ 扫描完成！
下次扫描建议: 2026-02-06 10:00:02
======================================================================
[2026-02-06 10:00:01] 运行市场监控...
🚀 Polymarket 高级套利扫描器
======================================================================
启动时间: 2026-02-06 10:00:01
策略: 寻找'不可能事件'中的定价错误
======================================================================

🔍 正在扫描 Polymarket 所有市场...
   已获取 500 个市场...
✅ 共获取 500 个活跃市场

🎯 正在分析 500 个市场寻找套利机会...
   已分析 0/500 个市场...
   已分析 100/500 个市场...
   已分析 200/500 个市场...
   已分析 300/500 个市场...
   已分析 400/500 个市场...

======================================================================
📊 扫描结果
======================================================================
发现 0 个潜在套利机会

未发现明显套利机会

💾 结果已保存:
   JSON: arbitrage_opportunities_20260206_100002.json
   报告: arbitrage_report_20260206_100002.md

======================================================================
✅ 扫描完成！
下次扫描建议: 2026-02-06 10:00:02
======================================================================
[2026-02-06 10:00:01] 运行市场监控...
📊 Polymarket 实时市场监控
======================================================================
启动时间: 2026-02-06 10:00:02
======================================================================

🔥 正在获取热门市场...
✅ 获取到 20 个热门市场

👀 正在监控关注列表...
   Will Trump: 10 个相关市场
   Bitcoin: 1 个相关市场
   Ethereum: 0 个相关市场
   NBA: 0 个相关市场
   NFL: 10 个相关市场
   Election: 0 个相关市场

💾 数据快照已保存: market_snapshot_20260206_100003.json
📝 监控报告已生成: market_monitor_report_20260206_100003.md

======================================================================
📈 监控摘要
======================================================================
热门市场数: 20
关注关键词: 6
数据文件: market_snapshot_20260206_100003.json
报告文件: market_monitor_report_20260206_100003.md
======================================================================
📊 Polymarket 实时市场监控
======================================================================
启动时间: 2026-02-06 10:00:02
======================================================================

🔥 正在获取热门市场...
✅ 获取到 20 个热门市场

👀 正在监控关注列表...
   Will Trump: 10 个相关市场
   Bitcoin: 1 个相关市场
   Ethereum: 0 个相关市场
   NBA: 0 个相关市场
   NFL: 10 个相关市场
   Election: 0 个相关市场

💾 数据快照已保存: market_snapshot_20260206_100003.json
📝 监控报告已生成: market_monitor_report_20260206_100003.md

======================================================================
📈 监控摘要
======================================================================
热门市场数: 20
关注关键词: 6
数据文件: market_snapshot_20260206_100003.json
报告文件: market_monitor_report_20260206_100003.md
======================================================================
[2026-02-06 10:00:01] 整理报告...
[2026-02-06 10:00:01] 扫描完成！
---
[2026-02-06 10:00:01] 整理报告...
[2026-02-06 10:00:01] 扫描完成！
---
[2026-02-06 11:00:01] 开始执行自动化扫描...
[2026-02-06 11:00:01] 运行套利扫描...
🚀 Polymarket 高级套利扫描器
======================================================================
启动时间: 2026-02-06 11:00:01
策略: 寻找'不可能事件'中的定价错误
======================================================================

🔍 正在扫描 Polymarket 所有市场...
   已获取 500 个市场...
✅ 共获取 500 个活跃市场

🎯 正在分析 500 个市场寻找套利机会...
   已分析 0/500 个市场...
   已分析 100/500 个市场...
   已分析 200/500 个市场...
   已分析 300/500 个市场...
   已分析 400/500 个市场...

======================================================================
📊 扫描结果
======================================================================
发现 0 个潜在套利机会

未发现明显套利机会

💾 结果已保存:
   JSON: arbitrage_opportunities_20260206_110002.json
   报告: arbitrage_report_20260206_110002.md

======================================================================
✅ 扫描完成！
下次扫描建议: 2026-02-06 11:00:02
======================================================================
[2026-02-06 11:00:01] 运行市场监控...
📊 Polymarket 实时市场监控
======================================================================
启动时间: 2026-02-06 11:00:02
======================================================================

🔥 正在获取热门市场...
✅ 获取到 20 个热门市场

👀 正在监控关注列表...
   Will Trump: 10 个相关市场
   Bitcoin: 1 个相关市场
   Ethereum: 0 个相关市场
   NBA: 0 个相关市场
   NFL: 10 个相关市场
   Election: 0 个相关市场

💾 数据快照已保存: market_snapshot_20260206_110003.json
📝 监控报告已生成: market_monitor_report_20260206_110003.md

======================================================================
📈 监控摘要
======================================================================
热门市场数: 20
关注关键词: 6
数据文件: market_snapshot_20260206_110003.json
报告文件: market_monitor_report_20260206_110003.md
======================================================================
[2026-02-06 11:00:01] 整理报告...
[2026-02-06 11:00:01] 扫描完成！
---
[2026-02-06 12:00:01] 开始执行自动化扫描...
[2026-02-06 12:00:01] 运行套利扫描...
[2026-02-06 12:00:01] 开始执行自动化扫描...
[2026-02-06 12:00:01] 运行套利扫描...
🚀 Polymarket 高级套利扫描器
======================================================================
启动时间: 2026-02-06 12:00:02
策略: 寻找'不可能事件'中的定价错误
======================================================================

🔍 正在扫描 Polymarket 所有市场...
   已获取 500 个市场...
✅ 共获取 500 个活跃市场

🎯 正在分析 500 个市场寻找套利机会...
   已分析 0/500 个市场...
   已分析 100/500 个市场...
   已分析 200/500 个市场...
   已分析 300/500 个市场...
   已分析 400/500 个市场...

======================================================================
📊 扫描结果
======================================================================
发现 0 个潜在套利机会

未发现明显套利机会

💾 结果已保存:
   JSON: arbitrage_opportunities_20260206_120003.json
   报告: arbitrage_report_20260206_120003.md

======================================================================
✅ 扫描完成！
下次扫描建议: 2026-02-06 12:00:03
======================================================================
[2026-02-06 12:00:01] 运行市场监控...
🚀 Polymarket 高级套利扫描器
======================================================================
启动时间: 2026-02-06 12:00:02
策略: 寻找'不可能事件'中的定价错误
======================================================================

🔍 正在扫描 Polymarket 所有市场...
   已获取 500 个市场...
✅ 共获取 500 个活跃市场

🎯 正在分析 500 个市场寻找套利机会...
   已分析 0/500 个市场...
   已分析 100/500 个市场...
   已分析 200/500 个市场...
   已分析 300/500 个市场...
   已分析 400/500 个市场...

======================================================================
📊 扫描结果
======================================================================
发现 0 个潜在套利机会

未发现明显套利机会

💾 结果已保存:
   JSON: arbitrage_opportunities_20260206_120003.json
   报告: arbitrage_report_20260206_120003.md

======================================================================
✅ 扫描完成！
下次扫描建议: 2026-02-06 12:00:03
======================================================================
[2026-02-06 12:00:01] 运行市场监控...
📊 Polymarket 实时市场监控
======================================================================
启动时间: 2026-02-06 12:00:03
======================================================================

🔥 正在获取热门市场...
✅ 获取到 20 个热门市场

👀 正在监控关注列表...
   Will Trump: 10 个相关市场
   Bitcoin: 1 个相关市场
   Ethereum: 0 个相关市场
   NBA: 0 个相关市场
   NFL: 10 个相关市场
   Election: 0 个相关市场

💾 数据快照已保存: market_snapshot_20260206_120004.json
📝 监控报告已生成: market_monitor_report_20260206_120004.md

======================================================================
📈 监控摘要
======================================================================
热门市场数: 20
关注关键词: 6
数据文件: market_snapshot_20260206_120004.json
报告文件: market_monitor_report_20260206_120004.md
======================================================================
[2026-02-06 12:00:01] 整理报告...
[2026-02-06 12:00:01] 扫描完成！
---
📊 Polymarket 实时市场监控
======================================================================
启动时间: 2026-02-06 12:00:03
======================================================================

🔥 正在获取热门市场...
✅ 获取到 20 个热门市场

👀 正在监控关注列表...
   Will Trump: 10 个相关市场
   Bitcoin: 1 个相关市场
   Ethereum: 0 个相关市场
   NBA: 0 个相关市场
   NFL: 10 个相关市场
   Election: 0 个相关市场

💾 数据快照已保存: market_snapshot_20260206_120004.json
📝 监控报告已生成: market_monitor_report_20260206_120004.md

======================================================================
📈 监控摘要
======================================================================
热门市场数: 20
关注关键词: 6
数据文件: market_snapshot_20260206_120004.json
报告文件: market_monitor_report_20260206_120004.md
======================================================================
[2026-02-06 12:00:01] 整理报告...
[2026-02-06 12:00:01] 扫描完成！
---
[2026-02-06 13:00:01] 开始执行自动化扫描...
[2026-02-06 13:00:01] 运行套利扫描...
🚀 Polymarket 高级套利扫描器
======================================================================
启动时间: 2026-02-06 13:00:01
策略: 寻找'不可能事件'中的定价错误
======================================================================

🔍 正在扫描 Polymarket 所有市场...
   已获取 500 个市场...
✅ 共获取 500 个活跃市场

🎯 正在分析 500 个市场寻找套利机会...
   已分析 0/500 个市场...
   已分析 100/500 个市场...
   已分析 200/500 个市场...
   已分析 300/500 个市场...
   已分析 400/500 个市场...

======================================================================
📊 扫描结果
======================================================================
发现 0 个潜在套利机会

未发现明显套利机会

💾 结果已保存:
   JSON: arbitrage_opportunities_20260206_130002.json
   报告: arbitrage_report_20260206_130002.md

======================================================================
✅ 扫描完成！
下次扫描建议: 2026-02-06 13:00:02
======================================================================
[2026-02-06 13:00:01] 运行市场监控...
📊 Polymarket 实时市场监控
======================================================================
启动时间: 2026-02-06 13:00:02
======================================================================

🔥 正在获取热门市场...
✅ 获取到 20 个热门市场

👀 正在监控关注列表...
   Will Trump: 10 个相关市场
   Bitcoin: 1 个相关市场
   Ethereum: 0 个相关市场
   NBA: 0 个相关市场
   NFL: 10 个相关市场
   Election: 0 个相关市场

💾 数据快照已保存: market_snapshot_20260206_130003.json
📝 监控报告已生成: market_monitor_report_20260206_130003.md

======================================================================
📈 监控摘要
======================================================================
热门市场数: 20
关注关键词: 6
数据文件: market_snapshot_20260206_130003.json
报告文件: market_monitor_report_20260206_130003.md
======================================================================
[2026-02-06 13:00:01] 整理报告...
[2026-02-06 13:00:01] 扫描完成！
---
[2026-02-06 14:00:02] 开始执行自动化扫描...
[2026-02-06 14:00:02] 运行套利扫描...
[2026-02-06 14:00:02] 开始执行自动化扫描...
[2026-02-06 14:00:02] 运行套利扫描...
🚀 Polymarket 高级套利扫描器
======================================================================
启动时间: 2026-02-06 14:00:02
策略: 寻找'不可能事件'中的定价错误
======================================================================

🔍 正在扫描 Polymarket 所有市场...
   已获取 500 个市场...
✅ 共获取 500 个活跃市场

🎯 正在分析 500 个市场寻找套利机会...
   已分析 0/500 个市场...
   已分析 100/500 个市场...
   已分析 200/500 个市场...
   已分析 300/500 个市场...
   已分析 400/500 个市场...

======================================================================
📊 扫描结果
======================================================================
发现 0 个潜在套利机会

未发现明显套利机会

💾 结果已保存:
   JSON: arbitrage_opportunities_20260206_140003.json
   报告: arbitrage_report_20260206_140003.md

======================================================================
✅ 扫描完成！
下次扫描建议: 2026-02-06 14:00:03
======================================================================
🚀 Polymarket 高级套利扫描器
======================================================================
启动时间: 2026-02-06 14:00:02
策略: 寻找'不可能事件'中的定价错误
======================================================================

🔍 正在扫描 Polymarket 所有市场...
   已获取 500 个市场...
✅ 共获取 500 个活跃市场

🎯 正在分析 500 个市场寻找套利机会...
   已分析 0/500 个市场...
   已分析 100/500 个市场...
   已分析 200/500 个市场...
   已分析 300/500 个市场...
   已分析 400/500 个市场...

======================================================================
📊 扫描结果
======================================================================
发现 0 个潜在套利机会

未发现明显套利机会

💾 结果已保存:
   JSON: arbitrage_opportunities_20260206_140003.json
   报告: arbitrage_report_20260206_140003.md

======================================================================
✅ 扫描完成！
下次扫描建议: 2026-02-06 14:00:03
======================================================================
[2026-02-06 14:00:02] 运行市场监控...
[2026-02-06 14:00:02] 运行市场监控...
📊 Polymarket 实时市场监控
======================================================================
启动时间: 2026-02-06 14:00:03
======================================================================

🔥 正在获取热门市场...
✅ 获取到 20 个热门市场

👀 正在监控关注列表...
   Will Trump: 10 个相关市场
   Bitcoin: 1 个相关市场
   Ethereum: 0 个相关市场
   NBA: 0 个相关市场
   NFL: 10 个相关市场
   Election: 0 个相关市场

💾 数据快照已保存: market_snapshot_20260206_140004.json
📝 监控报告已生成: market_monitor_report_20260206_140004.md

======================================================================
📈 监控摘要
======================================================================
热门市场数: 20
关注关键词: 6
数据文件: market_snapshot_20260206_140004.json
报告文件: market_monitor_report_20260206_140004.md
======================================================================
[2026-02-06 14:00:02] 整理报告...
📊 Polymarket 实时市场监控
======================================================================
启动时间: 2026-02-06 14:00:03
======================================================================

🔥 正在获取热门市场...
✅ 获取到 20 个热门市场

👀 正在监控关注列表...
   Will Trump: 10 个相关市场
   Bitcoin: 1 个相关市场
   Ethereum: 0 个相关市场
   NBA: 0 个相关市场
   NFL: 10 个相关市场
   Election: 0 个相关市场

💾 数据快照已保存: market_snapshot_20260206_140004.json
📝 监控报告已生成: market_monitor_report_20260206_140004.md

======================================================================
📈 监控摘要
======================================================================
热门市场数: 20
关注关键词: 6
数据文件: market_snapshot_20260206_140004.json
报告文件: market_monitor_report_20260206_140004.md
======================================================================
[2026-02-06 14:00:02] 扫描完成！
---
[2026-02-06 14:00:02] 整理报告...
[2026-02-06 14:00:02] 扫描完成！
---
