2026-02-06 09:00:02,777 - __main__ - INFO - 📊 加载了 0 个持仓
2026-02-06 09:00:02,777 - __main__ - INFO - 🚀 IEA 策略初始化完成
2026-02-06 09:00:02,778 - __main__ - INFO - 
======================================================================
2026-02-06 09:00:02,778 - __main__ - INFO - 🚀 启动 IEA 策略
2026-02-06 09:00:02,778 - __main__ - INFO - ======================================================================
2026-02-06 09:00:02,778 - __main__ - INFO - 策略参数:
2026-02-06 09:00:02,778 - __main__ - INFO -   单笔最大: $50
2026-02-06 09:00:02,778 - __main__ - INFO -   最大持仓: 20
2026-02-06 09:00:02,778 - __main__ - INFO -   最小流动性: $5,000
2026-02-06 09:00:02,778 - __main__ - INFO -   最大价格: 15.0%
2026-02-06 09:00:02,778 - __main__ - INFO -   最小期望收益: 30.0%
2026-02-06 09:00:02,778 - __main__ - INFO - ======================================================================
2026-02-06 09:00:02,778 - __main__ - INFO - 🔍 正在获取活跃市场...
2026-02-06 09:00:07,914 - __main__ - INFO - ✅ 获取到 1000 个活跃市场
2026-02-06 09:00:07,916 - __main__ - INFO - 🎯 正在分析 1000 个市场寻找套利机会...
2026-02-06 09:00:07,916 - __main__ - INFO -    已分析 0/1000 个市场...
2026-02-06 09:00:07,917 - __main__ - INFO -    已分析 100/1000 个市场...
2026-02-06 09:00:07,918 - __main__ - INFO -    已分析 200/1000 个市场...
2026-02-06 09:00:07,918 - __main__ - INFO -    已分析 300/1000 个市场...
2026-02-06 09:00:07,919 - __main__ - INFO -    已分析 400/1000 个市场...
2026-02-06 09:00:07,920 - __main__ - INFO -    已分析 500/1000 个市场...
2026-02-06 09:00:07,921 - __main__ - INFO -    已分析 600/1000 个市场...
2026-02-06 09:00:07,922 - __main__ - INFO -    已分析 700/1000 个市场...
2026-02-06 09:00:07,923 - __main__ - INFO -    已分析 800/1000 个市场...
2026-02-06 09:00:07,923 - __main__ - INFO -    已分析 900/1000 个市场...
2026-02-06 09:00:07,924 - __main__ - INFO - 
📊 共发现 0 个套利机会
2026-02-06 09:00:07,927 - __main__ - INFO - 📊 过滤后剩余 0 个新机会 (已持仓: 0)
2026-02-06 09:00:07,927 - __main__ - INFO - 
📊 检查出场条件...
2026-02-06 09:00:07,928 - __main__ - INFO - 📄 报告已保存: IEA_REPORT_20260206_090007.md
2026-02-06 09:00:07,929 - __main__ - INFO - 
======================================================================
2026-02-06 09:00:07,929 - __main__ - INFO - ✅ IEA 策略运行完成
2026-02-06 09:00:07,929 - __main__ - INFO - ======================================================================
